0 info it worked if it ends with ok
1 verbose cli [ 'C:\\Program Files\\nodejs\\node.exe',
1 verbose cli   'C:\\Users\\soumitra\\AppData\\Roaming\\npm\\node_modules\\npm\\bin\\npm-cli.js',
1 verbose cli   'install',
1 verbose cli   'onoff' ]
2 info using npm@4.0.3
3 info using node@v4.5.0
4 silly loadCurrentTree Starting
5 silly install loadCurrentTree
6 silly install readLocalPackageData
7 silly fetchPackageMetaData onoff
8 silly fetchNamedPackageData onoff
9 silly mapToRegistry name onoff
10 silly mapToRegistry using default registry
11 silly mapToRegistry registry https://registry.npmjs.org/
12 silly mapToRegistry data Result {
12 silly mapToRegistry   raw: 'onoff',
12 silly mapToRegistry   scope: null,
12 silly mapToRegistry   escapedName: 'onoff',
12 silly mapToRegistry   name: 'onoff',
12 silly mapToRegistry   rawSpec: '',
12 silly mapToRegistry   spec: 'latest',
12 silly mapToRegistry   type: 'tag' }
13 silly mapToRegistry uri https://registry.npmjs.org/onoff
14 verbose request uri https://registry.npmjs.org/onoff
15 verbose request no auth needed
16 info attempt registry request try #1 at 7:07:03 PM
17 verbose request id 977f3d58b21d3a26
18 http request GET https://registry.npmjs.org/onoff
19 http 200 https://registry.npmjs.org/onoff
20 verbose headers { server: 'nginx/1.10.1',
20 verbose headers   'content-type': 'application/json',
20 verbose headers   'last-modified': 'Tue, 11 Apr 2017 05:26:44 GMT',
20 verbose headers   etag: 'W/"58ec6914-a821"',
20 verbose headers   'content-encoding': 'gzip',
20 verbose headers   'cache-control': 'max-age=300',
20 verbose headers   'content-length': '8159',
20 verbose headers   'accept-ranges': 'bytes',
20 verbose headers   date: 'Fri, 05 May 2017 00:04:31 GMT',
20 verbose headers   via: '1.1 varnish',
20 verbose headers   age: '0',
20 verbose headers   connection: 'keep-alive',
20 verbose headers   'x-served-by': 'cache-atl6243-ATL',
20 verbose headers   'x-cache': 'MISS',
20 verbose headers   'x-cache-hits': '0',
20 verbose headers   'x-timer': 'S1493942671.055870,VS0,VE40',
20 verbose headers   vary: 'Accept-Encoding' }
21 silly get cb [ 200,
21 silly get   { server: 'nginx/1.10.1',
21 silly get     'content-type': 'application/json',
21 silly get     'last-modified': 'Tue, 11 Apr 2017 05:26:44 GMT',
21 silly get     etag: 'W/"58ec6914-a821"',
21 silly get     'content-encoding': 'gzip',
21 silly get     'cache-control': 'max-age=300',
21 silly get     'content-length': '8159',
21 silly get     'accept-ranges': 'bytes',
21 silly get     date: 'Fri, 05 May 2017 00:04:31 GMT',
21 silly get     via: '1.1 varnish',
21 silly get     age: '0',
21 silly get     connection: 'keep-alive',
21 silly get     'x-served-by': 'cache-atl6243-ATL',
21 silly get     'x-cache': 'MISS',
21 silly get     'x-cache-hits': '0',
21 silly get     'x-timer': 'S1493942671.055870,VS0,VE40',
21 silly get     vary: 'Accept-Encoding' } ]
22 verbose get saving onoff to C:\Users\soumitra\AppData\Roaming\npm-cache\registry.npmjs.org\onoff\.cache.json
23 verbose correctMkdir C:\Users\soumitra\AppData\Roaming\npm-cache correctMkdir not in flight; initializing
24 silly install normalizeTree
25 silly loadCurrentTree Finishing
26 silly loadIdealTree Starting
27 silly install loadIdealTree
28 silly cloneCurrentTree Starting
29 silly install cloneCurrentTreeToIdealTree
30 silly cloneCurrentTree Finishing
31 silly loadShrinkwrap Starting
32 silly install loadShrinkwrap
33 silly loadShrinkwrap Finishing
34 silly loadAllDepsIntoIdealTree Starting
35 silly install loadAllDepsIntoIdealTree
36 silly resolveWithNewModule onoff@1.1.2 checking installable status
37 silly cache add args [ 'onoff', null ]
38 verbose cache add spec onoff
39 silly cache add parsed spec Result {
39 silly cache add   raw: 'onoff',
39 silly cache add   scope: null,
39 silly cache add   escapedName: 'onoff',
39 silly cache add   name: 'onoff',
39 silly cache add   rawSpec: '',
39 silly cache add   spec: 'latest',
39 silly cache add   type: 'tag' }
40 silly addNamed onoff@latest
41 verbose addNamed "latest" is being treated as a dist-tag for onoff
42 info addNameTag [ 'onoff', 'latest' ]
43 silly mapToRegistry name onoff
44 silly mapToRegistry using default registry
45 silly mapToRegistry registry https://registry.npmjs.org/
46 silly mapToRegistry data Result {
46 silly mapToRegistry   raw: 'onoff',
46 silly mapToRegistry   scope: null,
46 silly mapToRegistry   escapedName: 'onoff',
46 silly mapToRegistry   name: 'onoff',
46 silly mapToRegistry   rawSpec: '',
46 silly mapToRegistry   spec: 'latest',
46 silly mapToRegistry   type: 'tag' }
47 silly mapToRegistry uri https://registry.npmjs.org/onoff
48 verbose addNameTag registry:https://registry.npmjs.org/onoff not in flight; fetching
49 verbose get https://registry.npmjs.org/onoff not expired, no request
50 silly addNameTag next cb for onoff with tag latest
51 silly addNamed onoff@1.1.2
52 verbose addNamed "1.1.2" is a plain semver version for onoff
53 silly mapToRegistry name onoff
54 silly mapToRegistry using default registry
55 silly mapToRegistry registry https://registry.npmjs.org/
56 silly mapToRegistry data Result {
56 silly mapToRegistry   raw: 'onoff',
56 silly mapToRegistry   scope: null,
56 silly mapToRegistry   escapedName: 'onoff',
56 silly mapToRegistry   name: 'onoff',
56 silly mapToRegistry   rawSpec: '',
56 silly mapToRegistry   spec: 'latest',
56 silly mapToRegistry   type: 'tag' }
57 silly mapToRegistry uri https://registry.npmjs.org/onoff
58 verbose addRemoteTarball https://registry.npmjs.org/onoff/-/onoff-1.1.2.tgz not in flight; adding
59 verbose addRemoteTarball [ 'https://registry.npmjs.org/onoff/-/onoff-1.1.2.tgz',
59 verbose addRemoteTarball   'dcd39d3fd559db2d0df5bcd54d8cc9df1d7747a2' ]
60 info retry fetch attempt 1 at 7:07:04 PM
61 info attempt registry request try #1 at 7:07:04 PM
62 http fetch GET https://registry.npmjs.org/onoff/-/onoff-1.1.2.tgz
63 http fetch 200 https://registry.npmjs.org/onoff/-/onoff-1.1.2.tgz
64 silly fetchAndShaCheck shasum dcd39d3fd559db2d0df5bcd54d8cc9df1d7747a2
65 verbose addTmpTarball C:\Users\soumitra\AppData\Local\Temp\npm-25940-7465d8eb\registry.npmjs.org\onoff\-\onoff-1.1.2.tgz not in flight; adding
66 verbose addTmpTarball already have metadata; skipping unpack for onoff@1.1.2
67 verbose correctMkdir C:\Users\soumitra\AppData\Roaming\npm-cache correctMkdir not in flight; initializing
68 silly cache afterAdd onoff@1.1.2
69 verbose afterAdd C:\Users\soumitra\AppData\Roaming\npm-cache\onoff\1.1.2\package\package.json not in flight; writing
70 verbose correctMkdir C:\Users\soumitra\AppData\Roaming\npm-cache correctMkdir not in flight; initializing
71 verbose afterAdd C:\Users\soumitra\AppData\Roaming\npm-cache\onoff\1.1.2\package\package.json written
72 silly fetchNamedPackageData epoll
73 silly mapToRegistry name epoll
74 silly mapToRegistry using default registry
75 silly mapToRegistry registry https://registry.npmjs.org/
76 silly mapToRegistry data Result {
76 silly mapToRegistry   raw: 'epoll',
76 silly mapToRegistry   scope: null,
76 silly mapToRegistry   escapedName: 'epoll',
76 silly mapToRegistry   name: 'epoll',
76 silly mapToRegistry   rawSpec: '',
76 silly mapToRegistry   spec: 'latest',
76 silly mapToRegistry   type: 'tag' }
77 silly mapToRegistry uri https://registry.npmjs.org/epoll
78 verbose request uri https://registry.npmjs.org/epoll
79 verbose request no auth needed
80 info attempt registry request try #1 at 7:07:05 PM
81 http request GET https://registry.npmjs.org/epoll
82 http 200 https://registry.npmjs.org/epoll
83 verbose headers { server: 'nginx/1.10.1',
83 verbose headers   'content-type': 'application/json',
83 verbose headers   'last-modified': 'Sun, 12 Feb 2017 08:00:28 GMT',
83 verbose headers   etag: 'W/"58a0161c-a385"',
83 verbose headers   'content-encoding': 'gzip',
83 verbose headers   'cache-control': 'max-age=300',
83 verbose headers   'content-length': '6249',
83 verbose headers   'accept-ranges': 'bytes',
83 verbose headers   date: 'Fri, 05 May 2017 00:04:33 GMT',
83 verbose headers   via: '1.1 varnish',
83 verbose headers   age: '0',
83 verbose headers   connection: 'keep-alive',
83 verbose headers   'x-served-by': 'cache-atl6243-ATL',
83 verbose headers   'x-cache': 'MISS',
83 verbose headers   'x-cache-hits': '0',
83 verbose headers   'x-timer': 'S1493942673.978905,VS0,VE194',
83 verbose headers   vary: 'Accept-Encoding' }
84 silly get cb [ 200,
84 silly get   { server: 'nginx/1.10.1',
84 silly get     'content-type': 'application/json',
84 silly get     'last-modified': 'Sun, 12 Feb 2017 08:00:28 GMT',
84 silly get     etag: 'W/"58a0161c-a385"',
84 silly get     'content-encoding': 'gzip',
84 silly get     'cache-control': 'max-age=300',
84 silly get     'content-length': '6249',
84 silly get     'accept-ranges': 'bytes',
84 silly get     date: 'Fri, 05 May 2017 00:04:33 GMT',
84 silly get     via: '1.1 varnish',
84 silly get     age: '0',
84 silly get     connection: 'keep-alive',
84 silly get     'x-served-by': 'cache-atl6243-ATL',
84 silly get     'x-cache': 'MISS',
84 silly get     'x-cache-hits': '0',
84 silly get     'x-timer': 'S1493942673.978905,VS0,VE194',
84 silly get     vary: 'Accept-Encoding' } ]
85 verbose get saving epoll to C:\Users\soumitra\AppData\Roaming\npm-cache\registry.npmjs.org\epoll\.cache.json
86 verbose correctMkdir C:\Users\soumitra\AppData\Roaming\npm-cache correctMkdir not in flight; initializing
87 silly resolveWithNewModule epoll@0.1.21 checking installable status
88 silly cache add args [ 'epoll@~0.1.21', null ]
89 verbose cache add spec epoll@~0.1.21
90 silly cache add parsed spec Result {
90 silly cache add   raw: 'epoll@~0.1.21',
90 silly cache add   scope: null,
90 silly cache add   escapedName: 'epoll',
90 silly cache add   name: 'epoll',
90 silly cache add   rawSpec: '~0.1.21',
90 silly cache add   spec: '>=0.1.21 <0.2.0',
90 silly cache add   type: 'range' }
91 silly addNamed epoll@>=0.1.21 <0.2.0
92 verbose addNamed ">=0.1.21 <0.2.0" is a valid semver range for epoll
93 silly addNameRange { name: 'epoll', range: '>=0.1.21 <0.2.0', hasData: false }
94 silly mapToRegistry name epoll
95 silly mapToRegistry using default registry
96 silly mapToRegistry registry https://registry.npmjs.org/
97 silly mapToRegistry data Result {
97 silly mapToRegistry   raw: 'epoll',
97 silly mapToRegistry   scope: null,
97 silly mapToRegistry   escapedName: 'epoll',
97 silly mapToRegistry   name: 'epoll',
97 silly mapToRegistry   rawSpec: '',
97 silly mapToRegistry   spec: 'latest',
97 silly mapToRegistry   type: 'tag' }
98 silly mapToRegistry uri https://registry.npmjs.org/epoll
99 verbose addNameRange registry:https://registry.npmjs.org/epoll not in flight; fetching
100 verbose get https://registry.npmjs.org/epoll not expired, no request
101 silly addNameRange number 2 { name: 'epoll', range: '>=0.1.21 <0.2.0', hasData: true }
102 silly addNameRange versions [ 'epoll',
102 silly addNameRange   [ '0.0.1',
102 silly addNameRange     '0.0.2',
102 silly addNameRange     '0.0.3',
102 silly addNameRange     '0.0.4',
102 silly addNameRange     '0.0.5',
102 silly addNameRange     '0.0.6',
102 silly addNameRange     '0.0.7',
102 silly addNameRange     '0.0.8',
102 silly addNameRange     '0.1.0',
102 silly addNameRange     '0.1.1',
102 silly addNameRange     '0.1.2',
102 silly addNameRange     '0.1.3',
102 silly addNameRange     '0.1.4',
102 silly addNameRange     '0.1.5',
102 silly addNameRange     '0.1.7',
102 silly addNameRange     '0.1.8',
102 silly addNameRange     '0.1.9',
102 silly addNameRange     '0.1.10',
102 silly addNameRange     '0.1.11',
102 silly addNameRange     '0.1.12',
102 silly addNameRange     '0.1.13',
102 silly addNameRange     '0.1.14',
102 silly addNameRange     '0.1.15',
102 silly addNameRange     '0.1.16',
102 silly addNameRange     '0.1.17',
102 silly addNameRange     '0.1.18',
102 silly addNameRange     '0.1.19',
102 silly addNameRange     '0.1.20',
102 silly addNameRange     '0.1.21' ] ]
103 silly addNamed epoll@0.1.21
104 verbose addNamed "0.1.21" is a plain semver version for epoll
105 silly mapToRegistry name epoll
106 silly mapToRegistry using default registry
107 silly mapToRegistry registry https://registry.npmjs.org/
108 silly mapToRegistry data Result {
108 silly mapToRegistry   raw: 'epoll',
108 silly mapToRegistry   scope: null,
108 silly mapToRegistry   escapedName: 'epoll',
108 silly mapToRegistry   name: 'epoll',
108 silly mapToRegistry   rawSpec: '',
108 silly mapToRegistry   spec: 'latest',
108 silly mapToRegistry   type: 'tag' }
109 silly mapToRegistry uri https://registry.npmjs.org/epoll
110 verbose addRemoteTarball https://registry.npmjs.org/epoll/-/epoll-0.1.21.tgz not in flight; adding
111 verbose addRemoteTarball [ 'https://registry.npmjs.org/epoll/-/epoll-0.1.21.tgz',
111 verbose addRemoteTarball   '382a08cd934ecbb83693ebf425f4b6b4f6174d97' ]
112 info retry fetch attempt 1 at 7:07:06 PM
113 info attempt registry request try #1 at 7:07:06 PM
114 http fetch GET https://registry.npmjs.org/epoll/-/epoll-0.1.21.tgz
115 http fetch 200 https://registry.npmjs.org/epoll/-/epoll-0.1.21.tgz
116 silly fetchAndShaCheck shasum 382a08cd934ecbb83693ebf425f4b6b4f6174d97
117 verbose addTmpTarball C:\Users\soumitra\AppData\Local\Temp\npm-25940-7465d8eb\registry.npmjs.org\epoll\-\epoll-0.1.21.tgz not in flight; adding
118 verbose addTmpTarball already have metadata; skipping unpack for epoll@0.1.21
119 verbose correctMkdir C:\Users\soumitra\AppData\Roaming\npm-cache correctMkdir not in flight; initializing
120 silly cache afterAdd epoll@0.1.21
121 verbose afterAdd C:\Users\soumitra\AppData\Roaming\npm-cache\epoll\0.1.21\package\package.json not in flight; writing
122 verbose correctMkdir C:\Users\soumitra\AppData\Roaming\npm-cache correctMkdir not in flight; initializing
123 verbose afterAdd C:\Users\soumitra\AppData\Roaming\npm-cache\epoll\0.1.21\package\package.json written
124 silly fetchNamedPackageData bindings
125 silly mapToRegistry name bindings
126 silly mapToRegistry using default registry
127 silly mapToRegistry registry https://registry.npmjs.org/
128 silly mapToRegistry data Result {
128 silly mapToRegistry   raw: 'bindings',
128 silly mapToRegistry   scope: null,
128 silly mapToRegistry   escapedName: 'bindings',
128 silly mapToRegistry   name: 'bindings',
128 silly mapToRegistry   rawSpec: '',
128 silly mapToRegistry   spec: 'latest',
128 silly mapToRegistry   type: 'tag' }
129 silly mapToRegistry uri https://registry.npmjs.org/bindings
130 silly fetchNamedPackageData nan
131 silly mapToRegistry name nan
132 silly mapToRegistry using default registry
133 silly mapToRegistry registry https://registry.npmjs.org/
134 silly mapToRegistry data Result {
134 silly mapToRegistry   raw: 'nan',
134 silly mapToRegistry   scope: null,
134 silly mapToRegistry   escapedName: 'nan',
134 silly mapToRegistry   name: 'nan',
134 silly mapToRegistry   rawSpec: '',
134 silly mapToRegistry   spec: 'latest',
134 silly mapToRegistry   type: 'tag' }
135 silly mapToRegistry uri https://registry.npmjs.org/nan
136 verbose request uri https://registry.npmjs.org/nan
137 verbose request no auth needed
138 info attempt registry request try #1 at 7:07:06 PM
139 verbose etag W/"58a44b6b-1df62"
140 verbose lastModified Wed, 15 Feb 2017 12:36:59 GMT
141 http request GET https://registry.npmjs.org/nan
142 verbose request uri https://registry.npmjs.org/bindings
143 verbose request no auth needed
144 info attempt registry request try #1 at 7:07:06 PM
145 verbose etag W/"580645d3-46f7"
146 verbose lastModified Tue, 18 Oct 2016 15:54:59 GMT
147 http request GET https://registry.npmjs.org/bindings
148 http 200 https://registry.npmjs.org/nan
149 verbose headers { server: 'nginx/1.10.1',
149 verbose headers   'content-type': 'application/json',
149 verbose headers   'last-modified': 'Wed, 12 Apr 2017 20:38:38 GMT',
149 verbose headers   etag: 'W/"58ee904e-1f9bf"',
149 verbose headers   'content-encoding': 'gzip',
149 verbose headers   'cache-control': 'max-age=300',
149 verbose headers   'content-length': '15200',
149 verbose headers   'accept-ranges': 'bytes',
149 verbose headers   date: 'Fri, 05 May 2017 00:04:33 GMT',
149 verbose headers   via: '1.1 varnish',
149 verbose headers   age: '203',
149 verbose headers   connection: 'keep-alive',
149 verbose headers   'x-served-by': 'cache-atl6243-ATL',
149 verbose headers   'x-cache': 'HIT',
149 verbose headers   'x-cache-hits': '3',
149 verbose headers   'x-timer': 'S1493942674.609153,VS0,VE0',
149 verbose headers   vary: 'Accept-Encoding' }
150 silly get cb [ 200,
150 silly get   { server: 'nginx/1.10.1',
150 silly get     'content-type': 'application/json',
150 silly get     'last-modified': 'Wed, 12 Apr 2017 20:38:38 GMT',
150 silly get     etag: 'W/"58ee904e-1f9bf"',
150 silly get     'content-encoding': 'gzip',
150 silly get     'cache-control': 'max-age=300',
150 silly get     'content-length': '15200',
150 silly get     'accept-ranges': 'bytes',
150 silly get     date: 'Fri, 05 May 2017 00:04:33 GMT',
150 silly get     via: '1.1 varnish',
150 silly get     age: '203',
150 silly get     connection: 'keep-alive',
150 silly get     'x-served-by': 'cache-atl6243-ATL',
150 silly get     'x-cache': 'HIT',
150 silly get     'x-cache-hits': '3',
150 silly get     'x-timer': 'S1493942674.609153,VS0,VE0',
150 silly get     vary: 'Accept-Encoding' } ]
151 verbose get saving nan to C:\Users\soumitra\AppData\Roaming\npm-cache\registry.npmjs.org\nan\.cache.json
152 verbose correctMkdir C:\Users\soumitra\AppData\Roaming\npm-cache correctMkdir not in flight; initializing
153 silly resolveWithNewModule nan@2.5.1 checking installable status
154 silly cache add args [ 'nan@~2.5.1', null ]
155 verbose cache add spec nan@~2.5.1
156 silly cache add parsed spec Result {
156 silly cache add   raw: 'nan@~2.5.1',
156 silly cache add   scope: null,
156 silly cache add   escapedName: 'nan',
156 silly cache add   name: 'nan',
156 silly cache add   rawSpec: '~2.5.1',
156 silly cache add   spec: '>=2.5.1 <2.6.0',
156 silly cache add   type: 'range' }
157 silly addNamed nan@>=2.5.1 <2.6.0
158 verbose addNamed ">=2.5.1 <2.6.0" is a valid semver range for nan
159 silly addNameRange { name: 'nan', range: '>=2.5.1 <2.6.0', hasData: false }
160 silly mapToRegistry name nan
161 silly mapToRegistry using default registry
162 silly mapToRegistry registry https://registry.npmjs.org/
163 silly mapToRegistry data Result {
163 silly mapToRegistry   raw: 'nan',
163 silly mapToRegistry   scope: null,
163 silly mapToRegistry   escapedName: 'nan',
163 silly mapToRegistry   name: 'nan',
163 silly mapToRegistry   rawSpec: '',
163 silly mapToRegistry   spec: 'latest',
163 silly mapToRegistry   type: 'tag' }
164 silly mapToRegistry uri https://registry.npmjs.org/nan
165 verbose addNameRange registry:https://registry.npmjs.org/nan not in flight; fetching
166 verbose get https://registry.npmjs.org/nan not expired, no request
167 silly addNameRange number 2 { name: 'nan', range: '>=2.5.1 <2.6.0', hasData: true }
168 silly addNameRange versions [ 'nan',
168 silly addNameRange   [ '0.3.0-wip',
168 silly addNameRange     '0.3.0-wip2',
168 silly addNameRange     '0.3.0',
168 silly addNameRange     '0.3.1',
168 silly addNameRange     '0.3.2',
168 silly addNameRange     '0.4.0',
168 silly addNameRange     '0.4.1',
168 silly addNameRange     '0.4.2',
168 silly addNameRange     '0.4.3',
168 silly addNameRange     '0.4.4',
168 silly addNameRange     '0.5.0',
168 silly addNameRange     '0.5.1',
168 silly addNameRange     '0.5.2',
168 silly addNameRange     '0.6.0',
168 silly addNameRange     '0.7.0',
168 silly addNameRange     '0.7.1',
168 silly addNameRange     '0.8.0',
168 silly addNameRange     '1.0.0',
168 silly addNameRange     '1.1.0',
168 silly addNameRange     '1.1.1',
168 silly addNameRange     '1.1.2',
168 silly addNameRange     '1.2.0',
168 silly addNameRange     '1.3.0',
168 silly addNameRange     '1.4.0',
168 silly addNameRange     '1.4.1',
168 silly addNameRange     '1.5.0',
168 silly addNameRange     '1.4.2',
168 silly addNameRange     '1.4.3',
168 silly addNameRange     '1.5.1',
168 silly addNameRange     '1.5.2',
168 silly addNameRange     '1.6.0',
168 silly addNameRange     '1.5.3',
168 silly addNameRange     '1.6.1',
168 silly addNameRange     '1.6.2',
168 silly addNameRange     '1.7.0',
168 silly addNameRange     '1.8.0',
168 silly addNameRange     '1.8.1',
168 silly addNameRange     '1.8.2',
168 silly addNameRange     '1.8.3',
168 silly addNameRange     '1.8.4',
168 silly addNameRange     '1.9.0',
168 silly addNameRange     '2.0.0',
168 silly addNameRange     '2.0.1',
168 silly addNameRange     '2.0.2',
168 silly addNameRange     '2.0.3',
168 silly addNameRange     '2.0.4',
168 silly addNameRange     '2.0.5',
168 silly addNameRange     '2.0.6',
168 silly addNameRange     '2.0.7',
168 silly addNameRange     '2.0.8',
168 silly addNameRange     '2.0.9',
168 silly addNameRange     '2.1.0',
168 silly addNameRange     '2.2.0',
168 silly addNameRange     '2.2.1',
168 silly addNameRange     '2.3.0',
168 silly addNameRange     '2.3.1',
168 silly addNameRange     '2.3.2',
168 silly addNameRange     '2.3.3',
168 silly addNameRange     '2.3.4',
168 silly addNameRange     '2.3.5',
168 silly addNameRange     '2.4.0',
168 silly addNameRange     '2.5.0',
168 silly addNameRange     '2.5.1',
168 silly addNameRange     '2.6.0',
168 silly addNameRange     '2.6.1',
168 silly addNameRange     '2.6.2' ] ]
169 silly addNamed nan@2.5.1
170 verbose addNamed "2.5.1" is a plain semver version for nan
171 silly cache afterAdd nan@2.5.1
172 verbose afterAdd C:\Users\soumitra\AppData\Roaming\npm-cache\nan\2.5.1\package\package.json not in flight; writing
173 verbose correctMkdir C:\Users\soumitra\AppData\Roaming\npm-cache correctMkdir not in flight; initializing
174 verbose afterAdd C:\Users\soumitra\AppData\Roaming\npm-cache\nan\2.5.1\package\package.json written
175 http 304 https://registry.npmjs.org/bindings
176 verbose headers { date: 'Fri, 05 May 2017 00:04:33 GMT',
176 verbose headers   via: '1.1 varnish',
176 verbose headers   'cache-control': 'max-age=300',
176 verbose headers   etag: 'W/"580645d3-46f7"',
176 verbose headers   age: '0',
176 verbose headers   connection: 'keep-alive',
176 verbose headers   'x-served-by': 'cache-atl6222-ATL',
176 verbose headers   'x-cache': 'HIT',
176 verbose headers   'x-cache-hits': '1',
176 verbose headers   'x-timer': 'S1493942674.775022,VS0,VE191',
176 verbose headers   vary: 'Accept-Encoding' }
177 silly get cb [ 304,
177 silly get   { date: 'Fri, 05 May 2017 00:04:33 GMT',
177 silly get     via: '1.1 varnish',
177 silly get     'cache-control': 'max-age=300',
177 silly get     etag: 'W/"580645d3-46f7"',
177 silly get     age: '0',
177 silly get     connection: 'keep-alive',
177 silly get     'x-served-by': 'cache-atl6222-ATL',
177 silly get     'x-cache': 'HIT',
177 silly get     'x-cache-hits': '1',
177 silly get     'x-timer': 'S1493942674.775022,VS0,VE191',
177 silly get     vary: 'Accept-Encoding' } ]
178 verbose etag https://registry.npmjs.org/bindings from cache
179 verbose get saving bindings to C:\Users\soumitra\AppData\Roaming\npm-cache\registry.npmjs.org\bindings\.cache.json
180 verbose correctMkdir C:\Users\soumitra\AppData\Roaming\npm-cache correctMkdir not in flight; initializing
181 silly resolveWithNewModule bindings@1.2.1 checking installable status
182 silly cache add args [ 'bindings@~1.2.1', null ]
183 verbose cache add spec bindings@~1.2.1
184 silly cache add parsed spec Result {
184 silly cache add   raw: 'bindings@~1.2.1',
184 silly cache add   scope: null,
184 silly cache add   escapedName: 'bindings',
184 silly cache add   name: 'bindings',
184 silly cache add   rawSpec: '~1.2.1',
184 silly cache add   spec: '>=1.2.1 <1.3.0',
184 silly cache add   type: 'range' }
185 silly addNamed bindings@>=1.2.1 <1.3.0
186 verbose addNamed ">=1.2.1 <1.3.0" is a valid semver range for bindings
187 silly addNameRange { name: 'bindings', range: '>=1.2.1 <1.3.0', hasData: false }
188 silly mapToRegistry name bindings
189 silly mapToRegistry using default registry
190 silly mapToRegistry registry https://registry.npmjs.org/
191 silly mapToRegistry data Result {
191 silly mapToRegistry   raw: 'bindings',
191 silly mapToRegistry   scope: null,
191 silly mapToRegistry   escapedName: 'bindings',
191 silly mapToRegistry   name: 'bindings',
191 silly mapToRegistry   rawSpec: '',
191 silly mapToRegistry   spec: 'latest',
191 silly mapToRegistry   type: 'tag' }
192 silly mapToRegistry uri https://registry.npmjs.org/bindings
193 verbose addNameRange registry:https://registry.npmjs.org/bindings not in flight; fetching
194 verbose get https://registry.npmjs.org/bindings not expired, no request
195 silly addNameRange number 2 { name: 'bindings', range: '>=1.2.1 <1.3.0', hasData: true }
196 silly addNameRange versions [ 'bindings',
196 silly addNameRange   [ '0.0.1',
196 silly addNameRange     '0.1.0',
196 silly addNameRange     '0.1.1',
196 silly addNameRange     '0.2.0',
196 silly addNameRange     '0.2.1',
196 silly addNameRange     '0.2.2',
196 silly addNameRange     '0.2.3',
196 silly addNameRange     '0.2.4',
196 silly addNameRange     '0.3.0',
196 silly addNameRange     '0.4.0',
196 silly addNameRange     '1.0.0',
196 silly addNameRange     '1.1.0',
196 silly addNameRange     '1.1.1',
196 silly addNameRange     '1.2.0',
196 silly addNameRange     '1.2.1' ] ]
197 silly addNamed bindings@1.2.1
198 verbose addNamed "1.2.1" is a plain semver version for bindings
199 silly cache afterAdd bindings@1.2.1
200 verbose afterAdd C:\Users\soumitra\AppData\Roaming\npm-cache\bindings\1.2.1\package\package.json not in flight; writing
201 verbose correctMkdir C:\Users\soumitra\AppData\Roaming\npm-cache correctMkdir not in flight; initializing
202 verbose afterAdd C:\Users\soumitra\AppData\Roaming\npm-cache\bindings\1.2.1\package\package.json written
203 silly loadAllDepsIntoIdealTree Finishing
204 silly loadIdealTree Finishing
205 silly currentTree apesconsole-node-hub@0.0.1
205 silly currentTree +-- @google/maps@0.3.1
205 silly currentTree +-- asn1@0.1.11
205 silly currentTree +-- assert-plus@0.1.5
205 silly currentTree +-- async@0.9.2
205 silly currentTree +-- aws-sign2@0.5.0
205 silly currentTree +-- balanced-match@0.4.2
205 silly currentTree +-- bl@0.9.5
205 silly currentTree +-- boom@0.4.2
205 silly currentTree +-- brace-expansion@1.1.7
205 silly currentTree +-- buffer-shims@1.0.0
205 silly currentTree +-- callback-stream@1.1.0
205 silly currentTree +-- caseless@0.6.0
205 silly currentTree +-- check-types@1.3.2
205 silly currentTree +-- combined-stream@0.0.7
205 silly currentTree +-- commist@1.0.0
205 silly currentTree +-- concat-map@0.0.1
205 silly currentTree +-- concat-stream@1.6.0
205 silly currentTree | +-- isarray@1.0.0
205 silly currentTree | +-- readable-stream@2.2.9
205 silly currentTree | `-- string_decoder@1.0.0
205 silly currentTree +-- core-util-is@1.0.2
205 silly currentTree +-- cryptiles@0.2.2
205 silly currentTree +-- ctype@0.5.3
205 silly currentTree +-- delayed-stream@0.0.5
205 silly currentTree +-- duplexify@3.5.0
205 silly currentTree | +-- end-of-stream@1.0.0
205 silly currentTree | +-- isarray@1.0.0
205 silly currentTree | +-- once@1.3.3
205 silly currentTree | +-- readable-stream@2.2.9
205 silly currentTree | `-- string_decoder@1.0.0
205 silly currentTree +-- end-of-stream@1.4.0
205 silly currentTree +-- express@4.14.0
205 silly currentTree | +-- accepts@1.3.3
205 silly currentTree | | +-- mime-types@2.1.11
205 silly currentTree | | | `-- mime-db@1.23.0
205 silly currentTree | | `-- negotiator@0.6.1
205 silly currentTree | +-- array-flatten@1.1.1
205 silly currentTree | +-- content-disposition@0.5.1
205 silly currentTree | +-- content-type@1.0.2
205 silly currentTree | +-- cookie-signature@1.0.6
205 silly currentTree | +-- cookie@0.3.1
205 silly currentTree | +-- debug@2.2.0
205 silly currentTree | | `-- ms@0.7.1
205 silly currentTree | +-- depd@1.1.0
205 silly currentTree | +-- encodeurl@1.0.1
205 silly currentTree | +-- escape-html@1.0.3
205 silly currentTree | +-- etag@1.7.0
205 silly currentTree | +-- finalhandler@0.5.0
205 silly currentTree | | +-- statuses@1.3.0
205 silly currentTree | | `-- unpipe@1.0.0
205 silly currentTree | +-- fresh@0.3.0
205 silly currentTree | +-- merge-descriptors@1.0.1
205 silly currentTree | +-- methods@1.1.2
205 silly currentTree | +-- on-finished@2.3.0
205 silly currentTree | | `-- ee-first@1.1.1
205 silly currentTree | +-- parseurl@1.3.1
205 silly currentTree | +-- path-to-regexp@0.1.7
205 silly currentTree | +-- proxy-addr@1.1.2
205 silly currentTree | | +-- forwarded@0.1.0
205 silly currentTree | | `-- ipaddr.js@1.1.1
205 silly currentTree | +-- qs@6.2.0
205 silly currentTree | +-- range-parser@1.2.0
205 silly currentTree | +-- send@0.14.1
205 silly currentTree | | +-- destroy@1.0.4
205 silly currentTree | | +-- http-errors@1.5.0
205 silly currentTree | | | +-- inherits@2.0.1
205 silly currentTree | | | `-- setprototypeof@1.0.1
205 silly currentTree | | +-- mime@1.3.4
205 silly currentTree | | +-- ms@0.7.1
205 silly currentTree | | `-- statuses@1.3.0
205 silly currentTree | +-- serve-static@1.11.1
205 silly currentTree | +-- type-is@1.6.13
205 silly currentTree | | +-- media-typer@0.3.0
205 silly currentTree | | `-- mime-types@2.1.11
205 silly currentTree | |   `-- mime-db@1.23.0
205 silly currentTree | +-- utils-merge@1.0.0
205 silly currentTree | `-- vary@1.1.0
205 silly currentTree +-- extend-shallow@2.0.1
205 silly currentTree +-- extend@3.0.1
205 silly currentTree +-- forever-agent@0.5.2
205 silly currentTree +-- form-data@0.1.4
205 silly currentTree +-- fs.realpath@1.0.0
205 silly currentTree +-- glob-parent@3.1.0
205 silly currentTree +-- glob-stream@6.1.0
205 silly currentTree | +-- isarray@1.0.0
205 silly currentTree | +-- readable-stream@2.2.9
205 silly currentTree | `-- string_decoder@1.0.0
205 silly currentTree +-- glob@7.1.1
205 silly currentTree +-- googlemaps@1.11.1
205 silly currentTree +-- hawk@1.1.1
205 silly currentTree +-- help-me@1.1.0
205 silly currentTree +-- hoek@0.9.1
205 silly currentTree +-- http-signature@0.10.1
205 silly currentTree +-- inflight@1.0.6
205 silly currentTree +-- inherits@2.0.3
205 silly currentTree +-- is-absolute@0.2.6
205 silly currentTree +-- is-extendable@0.1.1
205 silly currentTree +-- is-extglob@2.1.1
205 silly currentTree +-- is-glob@3.1.0
205 silly currentTree +-- is-negated-glob@1.0.0
205 silly currentTree +-- is-relative@0.2.1
205 silly currentTree +-- is-stream@1.1.0
205 silly currentTree +-- is-unc-path@0.1.2
205 silly currentTree +-- is-windows@0.2.0
205 silly currentTree +-- isarray@0.0.1
205 silly currentTree +-- json-stable-stringify@1.0.1
205 silly currentTree +-- json-stringify-safe@5.0.1
205 silly currentTree +-- jsonify@0.0.0
205 silly currentTree +-- leven@1.0.2
205 silly currentTree +-- logging_component@0.0.1
205 silly currentTree +-- mime-types@1.0.2
205 silly currentTree +-- mime@1.2.11
205 silly currentTree +-- minimatch@3.0.3
205 silly currentTree +-- minimist@1.2.0
205 silly currentTree +-- mqtt-packet@5.3.0
205 silly currentTree | +-- bl@1.2.1
205 silly currentTree | +-- isarray@1.0.0
205 silly currentTree | +-- readable-stream@2.2.9
205 silly currentTree | `-- string_decoder@1.0.0
205 silly currentTree +-- mqtt@2.7.1
205 silly currentTree | +-- isarray@1.0.0
205 silly currentTree | +-- readable-stream@2.2.9
205 silly currentTree | `-- string_decoder@1.0.0
205 silly currentTree +-- node-uuid@1.4.7
205 silly currentTree +-- oauth-sign@0.4.0
205 silly currentTree +-- once@1.4.0
205 silly currentTree +-- ordered-read-streams@1.0.0
205 silly currentTree | +-- isarray@1.0.0
205 silly currentTree | +-- readable-stream@2.2.9
205 silly currentTree | `-- string_decoder@1.0.0
205 silly currentTree +-- path-dirname@1.0.2
205 silly currentTree +-- path-is-absolute@1.0.1
205 silly currentTree +-- process-nextick-args@1.0.7
205 silly currentTree +-- pump@1.0.2
205 silly currentTree +-- pumpify@1.3.5
205 silly currentTree +-- punycode@1.4.1
205 silly currentTree +-- qs@4.0.0
205 silly currentTree +-- readable-stream@1.0.34
205 silly currentTree +-- reinterval@1.1.0
205 silly currentTree +-- remove-trailing-separator@1.0.1
205 silly currentTree +-- request@2.44.0
205 silly currentTree | `-- qs@1.2.2
205 silly currentTree +-- safe-buffer@5.0.1
205 silly currentTree +-- sntp@0.2.4
205 silly currentTree +-- split2@2.1.1
205 silly currentTree +-- stream-shift@1.0.0
205 silly currentTree +-- string_decoder@0.10.31
205 silly currentTree +-- stringstream@0.0.5
205 silly currentTree +-- through2-filter@2.0.0
205 silly currentTree +-- through2@2.0.3
205 silly currentTree | +-- isarray@1.0.0
205 silly currentTree | +-- readable-stream@2.2.9
205 silly currentTree | `-- string_decoder@1.0.0
205 silly currentTree +-- to-absolute-glob@2.0.1
205 silly currentTree +-- tough-cookie@2.3.2
205 silly currentTree +-- tunnel-agent@0.4.3
205 silly currentTree +-- typedarray@0.0.6
205 silly currentTree +-- ultron@1.1.0
205 silly currentTree +-- unc-path-regex@0.1.2
205 silly currentTree +-- unique-stream@2.2.1
205 silly currentTree +-- util-deprecate@1.0.2
205 silly currentTree +-- waitress@0.1.5
205 silly currentTree +-- websocket-stream@4.0.0
205 silly currentTree | +-- isarray@1.0.0
205 silly currentTree | +-- readable-stream@2.2.9
205 silly currentTree | `-- string_decoder@1.0.0
205 silly currentTree +-- wrappy@1.0.2
205 silly currentTree +-- ws@2.3.1
205 silly currentTree `-- xtend@4.0.1
206 silly idealTree apesconsole-node-hub@0.0.1
206 silly idealTree +-- @google/maps@0.3.1
206 silly idealTree +-- asn1@0.1.11
206 silly idealTree +-- assert-plus@0.1.5
206 silly idealTree +-- async@0.9.2
206 silly idealTree +-- aws-sign2@0.5.0
206 silly idealTree +-- balanced-match@0.4.2
206 silly idealTree +-- bindings@1.2.1
206 silly idealTree +-- bl@0.9.5
206 silly idealTree +-- boom@0.4.2
206 silly idealTree +-- brace-expansion@1.1.7
206 silly idealTree +-- buffer-shims@1.0.0
206 silly idealTree +-- callback-stream@1.1.0
206 silly idealTree +-- caseless@0.6.0
206 silly idealTree +-- check-types@1.3.2
206 silly idealTree +-- combined-stream@0.0.7
206 silly idealTree +-- commist@1.0.0
206 silly idealTree +-- concat-map@0.0.1
206 silly idealTree +-- concat-stream@1.6.0
206 silly idealTree | +-- isarray@1.0.0
206 silly idealTree | +-- readable-stream@2.2.9
206 silly idealTree | `-- string_decoder@1.0.0
206 silly idealTree +-- core-util-is@1.0.2
206 silly idealTree +-- cryptiles@0.2.2
206 silly idealTree +-- ctype@0.5.3
206 silly idealTree +-- delayed-stream@0.0.5
206 silly idealTree +-- duplexify@3.5.0
206 silly idealTree | +-- end-of-stream@1.0.0
206 silly idealTree | +-- isarray@1.0.0
206 silly idealTree | +-- once@1.3.3
206 silly idealTree | +-- readable-stream@2.2.9
206 silly idealTree | `-- string_decoder@1.0.0
206 silly idealTree +-- end-of-stream@1.4.0
206 silly idealTree +-- epoll@0.1.21
206 silly idealTree +-- express@4.14.0
206 silly idealTree | +-- accepts@1.3.3
206 silly idealTree | | +-- mime-types@2.1.11
206 silly idealTree | | | `-- mime-db@1.23.0
206 silly idealTree | | `-- negotiator@0.6.1
206 silly idealTree | +-- array-flatten@1.1.1
206 silly idealTree | +-- content-disposition@0.5.1
206 silly idealTree | +-- content-type@1.0.2
206 silly idealTree | +-- cookie-signature@1.0.6
206 silly idealTree | +-- cookie@0.3.1
206 silly idealTree | +-- debug@2.2.0
206 silly idealTree | | `-- ms@0.7.1
206 silly idealTree | +-- depd@1.1.0
206 silly idealTree | +-- encodeurl@1.0.1
206 silly idealTree | +-- escape-html@1.0.3
206 silly idealTree | +-- etag@1.7.0
206 silly idealTree | +-- finalhandler@0.5.0
206 silly idealTree | | +-- statuses@1.3.0
206 silly idealTree | | `-- unpipe@1.0.0
206 silly idealTree | +-- fresh@0.3.0
206 silly idealTree | +-- merge-descriptors@1.0.1
206 silly idealTree | +-- methods@1.1.2
206 silly idealTree | +-- on-finished@2.3.0
206 silly idealTree | | `-- ee-first@1.1.1
206 silly idealTree | +-- parseurl@1.3.1
206 silly idealTree | +-- path-to-regexp@0.1.7
206 silly idealTree | +-- proxy-addr@1.1.2
206 silly idealTree | | +-- forwarded@0.1.0
206 silly idealTree | | `-- ipaddr.js@1.1.1
206 silly idealTree | +-- qs@6.2.0
206 silly idealTree | +-- range-parser@1.2.0
206 silly idealTree | +-- send@0.14.1
206 silly idealTree | | +-- destroy@1.0.4
206 silly idealTree | | +-- http-errors@1.5.0
206 silly idealTree | | | +-- inherits@2.0.1
206 silly idealTree | | | `-- setprototypeof@1.0.1
206 silly idealTree | | +-- mime@1.3.4
206 silly idealTree | | +-- ms@0.7.1
206 silly idealTree | | `-- statuses@1.3.0
206 silly idealTree | +-- serve-static@1.11.1
206 silly idealTree | +-- type-is@1.6.13
206 silly idealTree | | +-- media-typer@0.3.0
206 silly idealTree | | `-- mime-types@2.1.11
206 silly idealTree | |   `-- mime-db@1.23.0
206 silly idealTree | +-- utils-merge@1.0.0
206 silly idealTree | `-- vary@1.1.0
206 silly idealTree +-- extend-shallow@2.0.1
206 silly idealTree +-- extend@3.0.1
206 silly idealTree +-- forever-agent@0.5.2
206 silly idealTree +-- form-data@0.1.4
206 silly idealTree +-- fs.realpath@1.0.0
206 silly idealTree +-- glob-parent@3.1.0
206 silly idealTree +-- glob-stream@6.1.0
206 silly idealTree | +-- isarray@1.0.0
206 silly idealTree | +-- readable-stream@2.2.9
206 silly idealTree | `-- string_decoder@1.0.0
206 silly idealTree +-- glob@7.1.1
206 silly idealTree +-- googlemaps@1.11.1
206 silly idealTree +-- hawk@1.1.1
206 silly idealTree +-- help-me@1.1.0
206 silly idealTree +-- hoek@0.9.1
206 silly idealTree +-- http-signature@0.10.1
206 silly idealTree +-- inflight@1.0.6
206 silly idealTree +-- inherits@2.0.3
206 silly idealTree +-- is-absolute@0.2.6
206 silly idealTree +-- is-extendable@0.1.1
206 silly idealTree +-- is-extglob@2.1.1
206 silly idealTree +-- is-glob@3.1.0
206 silly idealTree +-- is-negated-glob@1.0.0
206 silly idealTree +-- is-relative@0.2.1
206 silly idealTree +-- is-stream@1.1.0
206 silly idealTree +-- is-unc-path@0.1.2
206 silly idealTree +-- is-windows@0.2.0
206 silly idealTree +-- isarray@0.0.1
206 silly idealTree +-- json-stable-stringify@1.0.1
206 silly idealTree +-- json-stringify-safe@5.0.1
206 silly idealTree +-- jsonify@0.0.0
206 silly idealTree +-- leven@1.0.2
206 silly idealTree +-- logging_component@0.0.1
206 silly idealTree +-- mime-types@1.0.2
206 silly idealTree +-- mime@1.2.11
206 silly idealTree +-- minimatch@3.0.3
206 silly idealTree +-- minimist@1.2.0
206 silly idealTree +-- mqtt-packet@5.3.0
206 silly idealTree | +-- bl@1.2.1
206 silly idealTree | +-- isarray@1.0.0
206 silly idealTree | +-- readable-stream@2.2.9
206 silly idealTree | `-- string_decoder@1.0.0
206 silly idealTree +-- mqtt@2.7.1
206 silly idealTree | +-- isarray@1.0.0
206 silly idealTree | +-- readable-stream@2.2.9
206 silly idealTree | `-- string_decoder@1.0.0
206 silly idealTree +-- nan@2.5.1
206 silly idealTree +-- node-uuid@1.4.7
206 silly idealTree +-- oauth-sign@0.4.0
206 silly idealTree +-- once@1.4.0
206 silly idealTree +-- onoff@1.1.2
206 silly idealTree +-- ordered-read-streams@1.0.0
206 silly idealTree | +-- isarray@1.0.0
206 silly idealTree | +-- readable-stream@2.2.9
206 silly idealTree | `-- string_decoder@1.0.0
206 silly idealTree +-- path-dirname@1.0.2
206 silly idealTree +-- path-is-absolute@1.0.1
206 silly idealTree +-- process-nextick-args@1.0.7
206 silly idealTree +-- pump@1.0.2
206 silly idealTree +-- pumpify@1.3.5
206 silly idealTree +-- punycode@1.4.1
206 silly idealTree +-- qs@4.0.0
206 silly idealTree +-- readable-stream@1.0.34
206 silly idealTree +-- reinterval@1.1.0
206 silly idealTree +-- remove-trailing-separator@1.0.1
206 silly idealTree +-- request@2.44.0
206 silly idealTree | `-- qs@1.2.2
206 silly idealTree +-- safe-buffer@5.0.1
206 silly idealTree +-- sntp@0.2.4
206 silly idealTree +-- split2@2.1.1
206 silly idealTree +-- stream-shift@1.0.0
206 silly idealTree +-- string_decoder@0.10.31
206 silly idealTree +-- stringstream@0.0.5
206 silly idealTree +-- through2-filter@2.0.0
206 silly idealTree +-- through2@2.0.3
206 silly idealTree | +-- isarray@1.0.0
206 silly idealTree | +-- readable-stream@2.2.9
206 silly idealTree | `-- string_decoder@1.0.0
206 silly idealTree +-- to-absolute-glob@2.0.1
206 silly idealTree +-- tough-cookie@2.3.2
206 silly idealTree +-- tunnel-agent@0.4.3
206 silly idealTree +-- typedarray@0.0.6
206 silly idealTree +-- ultron@1.1.0
206 silly idealTree +-- unc-path-regex@0.1.2
206 silly idealTree +-- unique-stream@2.2.1
206 silly idealTree +-- util-deprecate@1.0.2
206 silly idealTree +-- waitress@0.1.5
206 silly idealTree +-- websocket-stream@4.0.0
206 silly idealTree | +-- isarray@1.0.0
206 silly idealTree | +-- readable-stream@2.2.9
206 silly idealTree | `-- string_decoder@1.0.0
206 silly idealTree +-- wrappy@1.0.2
206 silly idealTree +-- ws@2.3.1
206 silly idealTree `-- xtend@4.0.1
207 silly generateActionsToTake Starting
208 silly install generateActionsToTake
209 silly generateActionsToTake Finishing
210 silly diffTrees action count 4
211 silly diffTrees add bindings@1.2.1
212 silly diffTrees add nan@2.5.1
213 silly diffTrees add epoll@0.1.21
214 silly diffTrees add onoff@1.1.2
215 silly decomposeActions action count 32
216 silly decomposeActions fetch bindings@1.2.1
217 silly decomposeActions extract bindings@1.2.1
218 silly decomposeActions test bindings@1.2.1
219 silly decomposeActions preinstall bindings@1.2.1
220 silly decomposeActions build bindings@1.2.1
221 silly decomposeActions install bindings@1.2.1
222 silly decomposeActions postinstall bindings@1.2.1
223 silly decomposeActions finalize bindings@1.2.1
224 silly decomposeActions fetch nan@2.5.1
225 silly decomposeActions extract nan@2.5.1
226 silly decomposeActions test nan@2.5.1
227 silly decomposeActions preinstall nan@2.5.1
228 silly decomposeActions build nan@2.5.1
229 silly decomposeActions install nan@2.5.1
230 silly decomposeActions postinstall nan@2.5.1
231 silly decomposeActions finalize nan@2.5.1
232 silly decomposeActions fetch epoll@0.1.21
233 silly decomposeActions extract epoll@0.1.21
234 silly decomposeActions test epoll@0.1.21
235 silly decomposeActions preinstall epoll@0.1.21
236 silly decomposeActions build epoll@0.1.21
237 silly decomposeActions install epoll@0.1.21
238 silly decomposeActions postinstall epoll@0.1.21
239 silly decomposeActions finalize epoll@0.1.21
240 silly decomposeActions fetch onoff@1.1.2
241 silly decomposeActions extract onoff@1.1.2
242 silly decomposeActions test onoff@1.1.2
243 silly decomposeActions preinstall onoff@1.1.2
244 silly decomposeActions build onoff@1.1.2
245 silly decomposeActions install onoff@1.1.2
246 silly decomposeActions postinstall onoff@1.1.2
247 silly decomposeActions finalize onoff@1.1.2
248 silly runTopLevelLifecycles Starting
249 silly executeActions Starting
250 silly install executeActions
251 silly doSerial global-install 0
252 silly doParallel fetch 4
253 verbose correctMkdir C:\Users\soumitra\AppData\Roaming\npm-cache\_locks correctMkdir not in flight; initializing
254 verbose lock using C:\Users\soumitra\AppData\Roaming\npm-cache\_locks\staging-581d9fdfae9be288.lock for D:\LAB\nodejs-testbench\apesconsole-node-hub\node_modules\.staging
255 silly doParallel extract 4
256 silly extract bindings@1.2.1
257 silly extract nan@2.5.1
258 silly extract epoll@0.1.21
259 silly extract onoff@1.1.2
260 verbose unbuild node_modules\.staging\bindings-9a8b37d5
261 verbose unbuild node_modules\.staging\nan-001a673f
262 verbose unbuild node_modules\.staging\epoll-0dabb069
263 silly gentlyRm D:\LAB\nodejs-testbench\apesconsole-node-hub\node_modules\.staging\bindings-9a8b37d5 is being purged from base D:\LAB\nodejs-testbench\apesconsole-node-hub
264 verbose gentlyRm don't care about contents; nuking D:\LAB\nodejs-testbench\apesconsole-node-hub\node_modules\.staging\bindings-9a8b37d5
265 verbose unbuild node_modules\.staging\onoff-7de95943
266 silly gentlyRm D:\LAB\nodejs-testbench\apesconsole-node-hub\node_modules\.staging\nan-001a673f is being purged from base D:\LAB\nodejs-testbench\apesconsole-node-hub
267 verbose gentlyRm don't care about contents; nuking D:\LAB\nodejs-testbench\apesconsole-node-hub\node_modules\.staging\nan-001a673f
268 verbose tar unpack C:\Users\soumitra\AppData\Roaming\npm-cache\bindings\1.2.1\package.tgz
269 verbose tar unpacking to D:\LAB\nodejs-testbench\apesconsole-node-hub\node_modules\.staging\bindings-9a8b37d5
270 silly gentlyRm D:\LAB\nodejs-testbench\apesconsole-node-hub\node_modules\.staging\bindings-9a8b37d5 is being purged
271 verbose gentlyRm don't care about contents; nuking D:\LAB\nodejs-testbench\apesconsole-node-hub\node_modules\.staging\bindings-9a8b37d5
272 verbose tar unpack C:\Users\soumitra\AppData\Roaming\npm-cache\nan\2.5.1\package.tgz
273 verbose tar unpacking to D:\LAB\nodejs-testbench\apesconsole-node-hub\node_modules\.staging\nan-001a673f
274 silly gentlyRm D:\LAB\nodejs-testbench\apesconsole-node-hub\node_modules\.staging\nan-001a673f is being purged
275 verbose gentlyRm don't care about contents; nuking D:\LAB\nodejs-testbench\apesconsole-node-hub\node_modules\.staging\nan-001a673f
276 silly gunzTarPerm modes [ '777', '666' ]
277 silly gentlyRm D:\LAB\nodejs-testbench\apesconsole-node-hub\node_modules\.staging\epoll-0dabb069 is being purged from base D:\LAB\nodejs-testbench\apesconsole-node-hub
278 verbose gentlyRm don't care about contents; nuking D:\LAB\nodejs-testbench\apesconsole-node-hub\node_modules\.staging\epoll-0dabb069
279 silly gunzTarPerm modes [ '777', '666' ]
280 silly gentlyRm D:\LAB\nodejs-testbench\apesconsole-node-hub\node_modules\.staging\onoff-7de95943 is being purged from base D:\LAB\nodejs-testbench\apesconsole-node-hub
281 verbose gentlyRm don't care about contents; nuking D:\LAB\nodejs-testbench\apesconsole-node-hub\node_modules\.staging\onoff-7de95943
282 verbose tar unpack C:\Users\soumitra\AppData\Roaming\npm-cache\epoll\0.1.21\package.tgz
283 verbose tar unpacking to D:\LAB\nodejs-testbench\apesconsole-node-hub\node_modules\.staging\epoll-0dabb069
284 silly gentlyRm D:\LAB\nodejs-testbench\apesconsole-node-hub\node_modules\.staging\epoll-0dabb069 is being purged
285 verbose gentlyRm don't care about contents; nuking D:\LAB\nodejs-testbench\apesconsole-node-hub\node_modules\.staging\epoll-0dabb069
286 verbose tar unpack C:\Users\soumitra\AppData\Roaming\npm-cache\onoff\1.1.2\package.tgz
287 verbose tar unpacking to D:\LAB\nodejs-testbench\apesconsole-node-hub\node_modules\.staging\onoff-7de95943
288 silly gentlyRm D:\LAB\nodejs-testbench\apesconsole-node-hub\node_modules\.staging\onoff-7de95943 is being purged
289 verbose gentlyRm don't care about contents; nuking D:\LAB\nodejs-testbench\apesconsole-node-hub\node_modules\.staging\onoff-7de95943
290 silly gunzTarPerm modes [ '777', '666' ]
291 silly gunzTarPerm modes [ '777', '666' ]
292 silly gunzTarPerm extractEntry package.json
293 silly gunzTarPerm modified mode [ 'package.json', 420, 438 ]
294 silly gunzTarPerm extractEntry package.json
295 silly gunzTarPerm modified mode [ 'package.json', 436, 438 ]
296 silly gunzTarPerm extractEntry package.json
297 silly gunzTarPerm modified mode [ 'package.json', 436, 438 ]
298 silly gunzTarPerm extractEntry package.json
299 silly gunzTarPerm modified mode [ 'package.json', 436, 438 ]
300 silly gunzTarPerm extractEntry README.md
301 silly gunzTarPerm modified mode [ 'README.md', 420, 438 ]
302 silly gunzTarPerm extractEntry bindings.js
303 silly gunzTarPerm modified mode [ 'bindings.js', 420, 438 ]
304 silly gunzTarPerm extractEntry README.md
305 silly gunzTarPerm modified mode [ 'README.md', 436, 438 ]
306 silly gunzTarPerm extractEntry include_dirs.js
307 silly gunzTarPerm modified mode [ 'include_dirs.js', 436, 438 ]
308 silly gunzTarPerm extractEntry .npmignore
309 silly gunzTarPerm modified mode [ '.npmignore', 436, 438 ]
310 silly gunzTarPerm extractEntry README.md
311 silly gunzTarPerm modified mode [ 'README.md', 436, 438 ]
312 silly gunzTarPerm extractEntry .npmignore
313 silly gunzTarPerm modified mode [ '.npmignore', 436, 438 ]
314 silly gunzTarPerm extractEntry README.md
315 silly gunzTarPerm modified mode [ 'README.md', 436, 438 ]
316 silly gunzTarPerm extractEntry nan_converters.h
317 silly gunzTarPerm modified mode [ 'nan_converters.h', 436, 438 ]
318 silly gunzTarPerm extractEntry CHANGELOG.md
319 silly gunzTarPerm modified mode [ 'CHANGELOG.md', 436, 438 ]
320 silly gunzTarPerm extractEntry LICENSE.md
321 silly gunzTarPerm modified mode [ 'LICENSE.md', 436, 438 ]
322 silly gunzTarPerm extractEntry LICENSE
323 silly gunzTarPerm modified mode [ 'LICENSE', 436, 438 ]
324 silly gunzTarPerm extractEntry epoll.js
325 silly gunzTarPerm modified mode [ 'epoll.js', 436, 438 ]
326 silly gunzTarPerm extractEntry LICENSE
327 silly gunzTarPerm modified mode [ 'LICENSE', 436, 438 ]
328 silly gunzTarPerm extractEntry doc/node_misc.md
329 silly gunzTarPerm modified mode [ 'doc/node_misc.md', 436, 438 ]
330 silly gunzTarPerm extractEntry History.md
331 silly gunzTarPerm modified mode [ 'History.md', 436, 438 ]
332 silly gunzTarPerm extractEntry binding.gyp
333 silly gunzTarPerm modified mode [ 'binding.gyp', 436, 438 ]
334 silly gunzTarPerm extractEntry example/interrupts-per-second/interrupts-per-second.js
335 silly gunzTarPerm modified mode [ 'example/interrupts-per-second/interrupts-per-second.js',
335 silly gunzTarPerm   436,
335 silly gunzTarPerm   438 ]
336 silly gunzTarPerm extractEntry example/interrupts-per-second/export
337 silly gunzTarPerm modified mode [ 'example/interrupts-per-second/export', 509, 511 ]
338 silly gunzTarPerm extractEntry example/interrupts-per-second/unexport
339 silly gunzTarPerm modified mode [ 'example/interrupts-per-second/unexport', 509, 511 ]
340 silly gunzTarPerm extractEntry example/watch-button/watch-button.js
341 silly gunzTarPerm modified mode [ 'example/watch-button/watch-button.js', 436, 438 ]
342 silly gunzTarPerm extractEntry example/watch-button/export
343 silly gunzTarPerm modified mode [ 'example/watch-button/export', 509, 511 ]
344 silly gunzTarPerm extractEntry example/watch-button/unexport
345 silly gunzTarPerm modified mode [ 'example/watch-button/unexport', 509, 511 ]
346 silly gunzTarPerm extractEntry src/epoll.cc
347 silly gunzTarPerm modified mode [ 'src/epoll.cc', 436, 438 ]
348 silly gunzTarPerm extractEntry src/epoll.h
349 silly gunzTarPerm modified mode [ 'src/epoll.h', 436, 438 ]
350 silly gunzTarPerm extractEntry test/brute-force-leak-check.js
351 silly gunzTarPerm modified mode [ 'test/brute-force-leak-check.js', 436, 438 ]
352 silly gunzTarPerm extractEntry test/do-almost-nothing.js
353 silly gunzTarPerm modified mode [ 'test/do-almost-nothing.js', 436, 438 ]
354 silly gunzTarPerm extractEntry test/do-nothing.js
355 silly gunzTarPerm modified mode [ 'test/do-nothing.js', 436, 438 ]
356 silly gunzTarPerm extractEntry test/no-gc-allowed.js
357 silly gunzTarPerm modified mode [ 'test/no-gc-allowed.js', 436, 438 ]
358 silly gunzTarPerm extractEntry test/closed.js
359 silly gunzTarPerm modified mode [ 'test/closed.js', 436, 438 ]
360 silly gunzTarPerm extractEntry test/performance-check.js
361 silly gunzTarPerm modified mode [ 'test/performance-check.js', 436, 438 ]
362 silly gunzTarPerm extractEntry test/util.js
363 silly gunzTarPerm modified mode [ 'test/util.js', 436, 438 ]
364 silly gunzTarPerm extractEntry test/two-shot.js
365 silly gunzTarPerm modified mode [ 'test/two-shot.js', 436, 438 ]
366 silly gunzTarPerm extractEntry test/verify-events.js
367 silly gunzTarPerm modified mode [ 'test/verify-events.js', 436, 438 ]
368 silly gunzTarPerm extractEntry test/one-shot.js
369 silly gunzTarPerm modified mode [ 'test/one-shot.js', 436, 438 ]
370 silly gunzTarPerm extractEntry test/run-tests
371 silly gunzTarPerm modified mode [ 'test/run-tests', 509, 511 ]
372 silly gunzTarPerm extractEntry onoff.js
373 silly gunzTarPerm modified mode [ 'onoff.js', 436, 438 ]
374 silly gunzTarPerm extractEntry History.md
375 silly gunzTarPerm modified mode [ 'History.md', 436, 438 ]
376 silly gunzTarPerm extractEntry doc/asyncworker.md
377 silly gunzTarPerm modified mode [ 'doc/asyncworker.md', 436, 438 ]
378 silly gunzTarPerm extractEntry doc/callback.md
379 silly gunzTarPerm modified mode [ 'doc/callback.md', 436, 438 ]
380 silly gunzTarPerm extractEntry examples/blink-led-async.js
381 silly gunzTarPerm modified mode [ 'examples/blink-led-async.js', 436, 438 ]
382 silly gunzTarPerm extractEntry examples/blink-led.js
383 silly gunzTarPerm modified mode [ 'examples/blink-led.js', 436, 438 ]
384 silly gunzTarPerm extractEntry doc/converters.md
385 silly gunzTarPerm modified mode [ 'doc/converters.md', 436, 438 ]
386 silly gunzTarPerm extractEntry doc/errors.md
387 silly gunzTarPerm modified mode [ 'doc/errors.md', 436, 438 ]
388 silly gunzTarPerm extractEntry examples/light-switch.js
389 silly gunzTarPerm modified mode [ 'examples/light-switch.js', 436, 438 ]
390 silly gunzTarPerm extractEntry examples/wait-for-interrupt.js
391 silly gunzTarPerm modified mode [ 'examples/wait-for-interrupt.js', 436, 438 ]
392 silly gunzTarPerm extractEntry doc/maybe_types.md
393 silly gunzTarPerm modified mode [ 'doc/maybe_types.md', 436, 438 ]
394 silly gunzTarPerm extractEntry doc/methods.md
395 silly gunzTarPerm modified mode [ 'doc/methods.md', 436, 438 ]
396 silly gunzTarPerm extractEntry doc/new.md
397 silly gunzTarPerm modified mode [ 'doc/new.md', 436, 438 ]
398 silly gunzTarPerm extractEntry examples/light-switch.png
399 silly gunzTarPerm modified mode [ 'examples/light-switch.png', 436, 438 ]
400 silly gunzTarPerm extractEntry doc/buffers.md
401 silly gunzTarPerm modified mode [ 'doc/buffers.md', 436, 438 ]
402 silly gunzTarPerm extractEntry doc/object_wrappers.md
403 silly gunzTarPerm modified mode [ 'doc/object_wrappers.md', 436, 438 ]
404 silly gunzTarPerm extractEntry doc/persistent.md
405 silly gunzTarPerm modified mode [ 'doc/persistent.md', 436, 438 ]
406 silly gunzTarPerm extractEntry doc/scopes.md
407 silly gunzTarPerm modified mode [ 'doc/scopes.md', 436, 438 ]
408 silly gunzTarPerm extractEntry examples/mygpio-overlay.dts
409 silly gunzTarPerm modified mode [ 'examples/mygpio-overlay.dts', 436, 438 ]
410 silly gentlyRm D:\LAB\nodejs-testbench\apesconsole-node-hub\node_modules\.staging\bindings-9a8b37d5\node_modules is being purged
411 verbose gentlyRm don't care about contents; nuking D:\LAB\nodejs-testbench\apesconsole-node-hub\node_modules\.staging\bindings-9a8b37d5\node_modules
412 silly gunzTarPerm extractEntry doc/script.md
413 silly gunzTarPerm modified mode [ 'doc/script.md', 436, 438 ]
414 silly gunzTarPerm extractEntry doc/string_bytes.md
415 silly gunzTarPerm modified mode [ 'doc/string_bytes.md', 436, 438 ]
416 silly gunzTarPerm extractEntry examples/run-examples
417 silly gunzTarPerm modified mode [ 'examples/run-examples', 509, 511 ]
418 silly gunzTarPerm extractEntry test/blink-led.js
419 silly gunzTarPerm modified mode [ 'test/blink-led.js', 436, 438 ]
420 silly gunzTarPerm extractEntry test/configure-and-check-input.js
421 silly gunzTarPerm modified mode [ 'test/configure-and-check-input.js', 436, 438 ]
422 silly gunzTarPerm extractEntry test/configure-and-check-output.js
423 silly gunzTarPerm modified mode [ 'test/configure-and-check-output.js', 436, 438 ]
424 silly gunzTarPerm extractEntry doc/v8_internals.md
425 silly gunzTarPerm modified mode [ 'doc/v8_internals.md', 436, 438 ]
426 silly gunzTarPerm extractEntry doc/v8_misc.md
427 silly gunzTarPerm modified mode [ 'doc/v8_misc.md', 436, 438 ]
428 silly gunzTarPerm extractEntry test/export-many-times.js
429 silly gunzTarPerm modified mode [ 'test/export-many-times.js', 436, 438 ]
430 silly gunzTarPerm extractEntry test/many-interrupts.js
431 silly gunzTarPerm modified mode [ 'test/many-interrupts.js', 436, 438 ]
432 silly gunzTarPerm extractEntry nan.h
433 silly gunzTarPerm modified mode [ 'nan.h', 436, 438 ]
434 silly gunzTarPerm extractEntry nan_callbacks.h
435 silly gunzTarPerm modified mode [ 'nan_callbacks.h', 436, 438 ]
436 silly gunzTarPerm extractEntry nan_callbacks_12_inl.h
437 silly gunzTarPerm modified mode [ 'nan_callbacks_12_inl.h', 436, 438 ]
438 silly gunzTarPerm extractEntry nan_callbacks_pre_12_inl.h
439 silly gunzTarPerm modified mode [ 'nan_callbacks_pre_12_inl.h', 436, 438 ]
440 silly gunzTarPerm extractEntry test/configure-and-check-active-low.js
441 silly gunzTarPerm modified mode [ 'test/configure-and-check-active-low.js', 436, 438 ]
442 silly gunzTarPerm extractEntry test/performance-interrupt.js
443 silly gunzTarPerm modified mode [ 'test/performance-interrupt.js', 436, 438 ]
444 silly gunzTarPerm extractEntry test/performance-sync.js
445 silly gunzTarPerm modified mode [ 'test/performance-sync.js', 436, 438 ]
446 silly gunzTarPerm extractEntry test/wait-for-interrupt.js
447 silly gunzTarPerm modified mode [ 'test/wait-for-interrupt.js', 436, 438 ]
448 silly gunzTarPerm extractEntry nan_converters_43_inl.h
449 silly gunzTarPerm modified mode [ 'nan_converters_43_inl.h', 436, 438 ]
450 silly gunzTarPerm extractEntry nan_converters_pre_43_inl.h
451 silly gunzTarPerm modified mode [ 'nan_converters_pre_43_inl.h', 436, 438 ]
452 silly gunzTarPerm extractEntry nan_implementation_12_inl.h
453 silly gunzTarPerm modified mode [ 'nan_implementation_12_inl.h', 436, 438 ]
454 silly gunzTarPerm extractEntry test/wait-for-many-interrupts.js
455 silly gunzTarPerm modified mode [ 'test/wait-for-many-interrupts.js', 436, 438 ]
456 silly gunzTarPerm extractEntry test/performance-async.js
457 silly gunzTarPerm modified mode [ 'test/performance-async.js', 436, 438 ]
458 silly gunzTarPerm extractEntry nan_implementation_pre_12_inl.h
459 silly gunzTarPerm modified mode [ 'nan_implementation_pre_12_inl.h', 436, 438 ]
460 silly gunzTarPerm extractEntry test/run-tests
461 silly gunzTarPerm modified mode [ 'test/run-tests', 509, 511 ]
462 silly gunzTarPerm extractEntry nan_maybe_43_inl.h
463 silly gunzTarPerm modified mode [ 'nan_maybe_43_inl.h', 436, 438 ]
464 silly gunzTarPerm extractEntry nan_maybe_pre_43_inl.h
465 silly gunzTarPerm modified mode [ 'nan_maybe_pre_43_inl.h', 436, 438 ]
466 silly gunzTarPerm extractEntry nan_new.h
467 silly gunzTarPerm modified mode [ 'nan_new.h', 436, 438 ]
468 silly gunzTarPerm extractEntry nan_object_wrap.h
469 silly gunzTarPerm modified mode [ 'nan_object_wrap.h', 436, 438 ]
470 silly gunzTarPerm extractEntry nan_persistent_12_inl.h
471 silly gunzTarPerm modified mode [ 'nan_persistent_12_inl.h', 436, 438 ]
472 silly gunzTarPerm extractEntry nan_persistent_pre_12_inl.h
473 silly gunzTarPerm modified mode [ 'nan_persistent_pre_12_inl.h', 436, 438 ]
474 silly gunzTarPerm extractEntry nan_private.h
475 silly gunzTarPerm modified mode [ 'nan_private.h', 436, 438 ]
476 silly gunzTarPerm extractEntry nan_string_bytes.h
477 silly gunzTarPerm modified mode [ 'nan_string_bytes.h', 436, 438 ]
478 silly gunzTarPerm extractEntry nan_typedarray_contents.h
479 silly gunzTarPerm modified mode [ 'nan_typedarray_contents.h', 436, 438 ]
480 silly gunzTarPerm extractEntry nan_weak.h
481 silly gunzTarPerm modified mode [ 'nan_weak.h', 436, 438 ]
482 silly gunzTarPerm extractEntry tools/package.json
483 silly gunzTarPerm modified mode [ 'tools/package.json', 436, 438 ]
484 silly gunzTarPerm extractEntry tools/README.md
485 silly gunzTarPerm modified mode [ 'tools/README.md', 436, 438 ]
486 silly gunzTarPerm extractEntry tools/1to2.js
487 silly gunzTarPerm modified mode [ 'tools/1to2.js', 509, 511 ]
488 silly gentlyRm D:\LAB\nodejs-testbench\apesconsole-node-hub\node_modules\.staging\epoll-0dabb069\node_modules is being purged
489 verbose gentlyRm don't care about contents; nuking D:\LAB\nodejs-testbench\apesconsole-node-hub\node_modules\.staging\epoll-0dabb069\node_modules
490 silly gentlyRm D:\LAB\nodejs-testbench\apesconsole-node-hub\node_modules\.staging\onoff-7de95943\node_modules is being purged
491 verbose gentlyRm don't care about contents; nuking D:\LAB\nodejs-testbench\apesconsole-node-hub\node_modules\.staging\onoff-7de95943\node_modules
492 silly gentlyRm D:\LAB\nodejs-testbench\apesconsole-node-hub\node_modules\.staging\nan-001a673f\node_modules is being purged
493 verbose gentlyRm don't care about contents; nuking D:\LAB\nodejs-testbench\apesconsole-node-hub\node_modules\.staging\nan-001a673f\node_modules
494 silly doParallel preinstall 4
495 silly preinstall bindings@1.2.1
496 info lifecycle bindings@1.2.1~preinstall: bindings@1.2.1
497 silly preinstall nan@2.5.1
498 info lifecycle nan@2.5.1~preinstall: nan@2.5.1
499 silly preinstall epoll@0.1.21
500 info lifecycle epoll@0.1.21~preinstall: epoll@0.1.21
501 silly preinstall onoff@1.1.2
502 info lifecycle onoff@1.1.2~preinstall: onoff@1.1.2
503 silly lifecycle bindings@1.2.1~preinstall: no script for preinstall, continuing
504 silly lifecycle nan@2.5.1~preinstall: no script for preinstall, continuing
505 silly lifecycle epoll@0.1.21~preinstall: no script for preinstall, continuing
506 silly lifecycle onoff@1.1.2~preinstall: no script for preinstall, continuing
507 silly doReverseSerial remove 0
508 silly doSerial move 0
509 silly doSerial finalize 4
510 silly finalize D:\LAB\nodejs-testbench\apesconsole-node-hub\node_modules\bindings
511 silly finalize D:\LAB\nodejs-testbench\apesconsole-node-hub\node_modules\nan
512 silly finalize D:\LAB\nodejs-testbench\apesconsole-node-hub\node_modules\epoll
513 silly finalize D:\LAB\nodejs-testbench\apesconsole-node-hub\node_modules\onoff
514 silly doSerial build 4
515 silly build bindings@1.2.1
516 info linkStuff bindings@1.2.1
517 silly linkStuff bindings@1.2.1 has D:\LAB\nodejs-testbench\apesconsole-node-hub\node_modules as its parent node_modules
518 verbose linkBins bindings@1.2.1
519 verbose linkMans bindings@1.2.1
520 silly build nan@2.5.1
521 info linkStuff nan@2.5.1
522 silly linkStuff nan@2.5.1 has D:\LAB\nodejs-testbench\apesconsole-node-hub\node_modules as its parent node_modules
523 verbose linkBins nan@2.5.1
524 verbose linkMans nan@2.5.1
525 silly build epoll@0.1.21
526 info linkStuff epoll@0.1.21
527 silly linkStuff epoll@0.1.21 has D:\LAB\nodejs-testbench\apesconsole-node-hub\node_modules as its parent node_modules
528 verbose linkBins epoll@0.1.21
529 verbose linkMans epoll@0.1.21
530 silly build onoff@1.1.2
531 info linkStuff onoff@1.1.2
532 silly linkStuff onoff@1.1.2 has D:\LAB\nodejs-testbench\apesconsole-node-hub\node_modules as its parent node_modules
533 verbose linkBins onoff@1.1.2
534 verbose linkMans onoff@1.1.2
535 silly doSerial global-link 0
536 silly doParallel update-linked 0
537 silly doSerial install 4
538 silly install bindings@1.2.1
539 info lifecycle bindings@1.2.1~install: bindings@1.2.1
540 silly lifecycle bindings@1.2.1~install: no script for install, continuing
541 silly install nan@2.5.1
542 info lifecycle nan@2.5.1~install: nan@2.5.1
543 silly lifecycle nan@2.5.1~install: no script for install, continuing
544 silly install epoll@0.1.21
545 info lifecycle epoll@0.1.21~install: epoll@0.1.21
546 verbose lifecycle epoll@0.1.21~install: unsafe-perm in lifecycle true
547 verbose lifecycle epoll@0.1.21~install: PATH: C:\Users\soumitra\AppData\Roaming\npm\node_modules\npm\bin\node-gyp-bin;D:\LAB\nodejs-testbench\apesconsole-node-hub\node_modules\epoll\node_modules\.bin;D:\LAB\nodejs-testbench\apesconsole-node-hub\node_modules\.bin;C:\Users\soumitra\AppData\Roaming\npm;C:\Program Files\nodejs\;C:\ProgramData\Oracle\Java\javapath;C:\Program Files\Apache\apache-maven-3.2.3\bin\;C:\Program Files\Java\jdk1.8.0_65\bin;C:\Program Files\Lenovo\Fingerprint Manager Pro\;C:\Program Files\Git\cmd;D:\LAB\hadoop-2.7.1\bin;C:\Program Files (x86)\scala\bin;C:\Program Files (x86)\scala\bin;D:\LAB\spark-2.0.0-bin-hadoop2.7\bin;C:\Program Files\nodejs\;C:\Windows\system32; C:\Windows; C:\Windows\System32\Wbem;C:\Program Files\Intel\WiFi\bin\;C:\Program Files\Common Files\Intel\WirelessCommon\;D:\LAB\spring-1.4.2.RELEASE\bin\;C:\Program Files (x86)\Heroku\bin;C:\Program Files\Amazon\AWSCLI\;D:\LAB\spring-1.4.2.RELEASE\bin\;C:\Users\soumitra\AppData\Roaming\npm;C:\Program Files\Intel\WiFi\bin\;C:\Program Files\Common Files\Intel\WirelessCommon\
548 verbose lifecycle epoll@0.1.21~install: CWD: D:\LAB\nodejs-testbench\apesconsole-node-hub\node_modules\epoll
549 silly lifecycle epoll@0.1.21~install: Args: [ '/d /s /c', 'node-gyp rebuild' ]
550 silly lifecycle epoll@0.1.21~install: Returned: code: 1  signal: null
551 info lifecycle epoll@0.1.21~install: Failed to exec install script
552 verbose unlock done using C:\Users\soumitra\AppData\Roaming\npm-cache\_locks\staging-581d9fdfae9be288.lock for D:\LAB\nodejs-testbench\apesconsole-node-hub\node_modules\.staging
553 silly rollbackFailedOptional Starting
554 silly gentlyRm D:\LAB\nodejs-testbench\apesconsole-node-hub\node_modules\bindings is being purged from base D:\LAB\nodejs-testbench\apesconsole-node-hub
555 verbose gentlyRm don't care about contents; nuking D:\LAB\nodejs-testbench\apesconsole-node-hub\node_modules\bindings
556 silly gentlyRm D:\LAB\nodejs-testbench\apesconsole-node-hub\node_modules\bindings is being purged from base D:\LAB\nodejs-testbench\apesconsole-node-hub
557 verbose gentlyRm don't care about contents; nuking D:\LAB\nodejs-testbench\apesconsole-node-hub\node_modules\bindings
558 silly gentlyRm D:\LAB\nodejs-testbench\apesconsole-node-hub\node_modules\bindings is being purged from base D:\LAB\nodejs-testbench\apesconsole-node-hub
559 verbose gentlyRm don't care about contents; nuking D:\LAB\nodejs-testbench\apesconsole-node-hub\node_modules\bindings
560 silly gentlyRm D:\LAB\nodejs-testbench\apesconsole-node-hub\node_modules\bindings is being purged from base D:\LAB\nodejs-testbench\apesconsole-node-hub
561 verbose gentlyRm don't care about contents; nuking D:\LAB\nodejs-testbench\apesconsole-node-hub\node_modules\bindings
562 silly gentlyRm D:\LAB\nodejs-testbench\apesconsole-node-hub\node_modules\bindings is being purged from base D:\LAB\nodejs-testbench\apesconsole-node-hub
563 verbose gentlyRm don't care about contents; nuking D:\LAB\nodejs-testbench\apesconsole-node-hub\node_modules\bindings
564 silly gentlyRm D:\LAB\nodejs-testbench\apesconsole-node-hub\node_modules\bindings is being purged from base D:\LAB\nodejs-testbench\apesconsole-node-hub
565 verbose gentlyRm don't care about contents; nuking D:\LAB\nodejs-testbench\apesconsole-node-hub\node_modules\bindings
566 silly gentlyRm D:\LAB\nodejs-testbench\apesconsole-node-hub\node_modules\bindings is being purged from base D:\LAB\nodejs-testbench\apesconsole-node-hub
567 verbose gentlyRm don't care about contents; nuking D:\LAB\nodejs-testbench\apesconsole-node-hub\node_modules\bindings
568 silly gentlyRm D:\LAB\nodejs-testbench\apesconsole-node-hub\node_modules\bindings is being purged from base D:\LAB\nodejs-testbench\apesconsole-node-hub
569 verbose gentlyRm don't care about contents; nuking D:\LAB\nodejs-testbench\apesconsole-node-hub\node_modules\bindings
570 silly gentlyRm D:\LAB\nodejs-testbench\apesconsole-node-hub\node_modules\nan is being purged from base D:\LAB\nodejs-testbench\apesconsole-node-hub
571 verbose gentlyRm don't care about contents; nuking D:\LAB\nodejs-testbench\apesconsole-node-hub\node_modules\nan
572 silly gentlyRm D:\LAB\nodejs-testbench\apesconsole-node-hub\node_modules\nan is being purged from base D:\LAB\nodejs-testbench\apesconsole-node-hub
573 verbose gentlyRm don't care about contents; nuking D:\LAB\nodejs-testbench\apesconsole-node-hub\node_modules\nan
574 silly gentlyRm D:\LAB\nodejs-testbench\apesconsole-node-hub\node_modules\nan is being purged from base D:\LAB\nodejs-testbench\apesconsole-node-hub
575 verbose gentlyRm don't care about contents; nuking D:\LAB\nodejs-testbench\apesconsole-node-hub\node_modules\nan
576 silly gentlyRm D:\LAB\nodejs-testbench\apesconsole-node-hub\node_modules\nan is being purged from base D:\LAB\nodejs-testbench\apesconsole-node-hub
577 verbose gentlyRm don't care about contents; nuking D:\LAB\nodejs-testbench\apesconsole-node-hub\node_modules\nan
578 silly gentlyRm D:\LAB\nodejs-testbench\apesconsole-node-hub\node_modules\nan is being purged from base D:\LAB\nodejs-testbench\apesconsole-node-hub
579 verbose gentlyRm don't care about contents; nuking D:\LAB\nodejs-testbench\apesconsole-node-hub\node_modules\nan
580 silly gentlyRm D:\LAB\nodejs-testbench\apesconsole-node-hub\node_modules\nan is being purged from base D:\LAB\nodejs-testbench\apesconsole-node-hub
581 verbose gentlyRm don't care about contents; nuking D:\LAB\nodejs-testbench\apesconsole-node-hub\node_modules\nan
582 silly gentlyRm D:\LAB\nodejs-testbench\apesconsole-node-hub\node_modules\nan is being purged from base D:\LAB\nodejs-testbench\apesconsole-node-hub
583 verbose gentlyRm don't care about contents; nuking D:\LAB\nodejs-testbench\apesconsole-node-hub\node_modules\nan
584 silly gentlyRm D:\LAB\nodejs-testbench\apesconsole-node-hub\node_modules\nan is being purged from base D:\LAB\nodejs-testbench\apesconsole-node-hub
585 verbose gentlyRm don't care about contents; nuking D:\LAB\nodejs-testbench\apesconsole-node-hub\node_modules\nan
586 silly gentlyRm D:\LAB\nodejs-testbench\apesconsole-node-hub\node_modules\epoll is being purged from base D:\LAB\nodejs-testbench\apesconsole-node-hub
587 verbose gentlyRm don't care about contents; nuking D:\LAB\nodejs-testbench\apesconsole-node-hub\node_modules\epoll
588 silly gentlyRm D:\LAB\nodejs-testbench\apesconsole-node-hub\node_modules\epoll is being purged from base D:\LAB\nodejs-testbench\apesconsole-node-hub
589 verbose gentlyRm don't care about contents; nuking D:\LAB\nodejs-testbench\apesconsole-node-hub\node_modules\epoll
590 silly gentlyRm D:\LAB\nodejs-testbench\apesconsole-node-hub\node_modules\epoll is being purged from base D:\LAB\nodejs-testbench\apesconsole-node-hub
591 verbose gentlyRm don't care about contents; nuking D:\LAB\nodejs-testbench\apesconsole-node-hub\node_modules\epoll
592 silly gentlyRm D:\LAB\nodejs-testbench\apesconsole-node-hub\node_modules\epoll is being purged from base D:\LAB\nodejs-testbench\apesconsole-node-hub
593 verbose gentlyRm don't care about contents; nuking D:\LAB\nodejs-testbench\apesconsole-node-hub\node_modules\epoll
594 silly gentlyRm D:\LAB\nodejs-testbench\apesconsole-node-hub\node_modules\epoll is being purged from base D:\LAB\nodejs-testbench\apesconsole-node-hub
595 verbose gentlyRm don't care about contents; nuking D:\LAB\nodejs-testbench\apesconsole-node-hub\node_modules\epoll
596 silly gentlyRm D:\LAB\nodejs-testbench\apesconsole-node-hub\node_modules\epoll is being purged from base D:\LAB\nodejs-testbench\apesconsole-node-hub
597 verbose gentlyRm don't care about contents; nuking D:\LAB\nodejs-testbench\apesconsole-node-hub\node_modules\epoll
598 silly gentlyRm D:\LAB\nodejs-testbench\apesconsole-node-hub\node_modules\epoll is being purged from base D:\LAB\nodejs-testbench\apesconsole-node-hub
599 verbose gentlyRm don't care about contents; nuking D:\LAB\nodejs-testbench\apesconsole-node-hub\node_modules\epoll
600 silly gentlyRm D:\LAB\nodejs-testbench\apesconsole-node-hub\node_modules\epoll is being purged from base D:\LAB\nodejs-testbench\apesconsole-node-hub
601 verbose gentlyRm don't care about contents; nuking D:\LAB\nodejs-testbench\apesconsole-node-hub\node_modules\epoll
602 silly gentlyRm D:\LAB\nodejs-testbench\apesconsole-node-hub\node_modules\onoff is being purged from base D:\LAB\nodejs-testbench\apesconsole-node-hub
603 verbose gentlyRm don't care about contents; nuking D:\LAB\nodejs-testbench\apesconsole-node-hub\node_modules\onoff
604 silly gentlyRm D:\LAB\nodejs-testbench\apesconsole-node-hub\node_modules\onoff is being purged from base D:\LAB\nodejs-testbench\apesconsole-node-hub
605 verbose gentlyRm don't care about contents; nuking D:\LAB\nodejs-testbench\apesconsole-node-hub\node_modules\onoff
606 silly gentlyRm D:\LAB\nodejs-testbench\apesconsole-node-hub\node_modules\onoff is being purged from base D:\LAB\nodejs-testbench\apesconsole-node-hub
607 verbose gentlyRm don't care about contents; nuking D:\LAB\nodejs-testbench\apesconsole-node-hub\node_modules\onoff
608 silly gentlyRm D:\LAB\nodejs-testbench\apesconsole-node-hub\node_modules\onoff is being purged from base D:\LAB\nodejs-testbench\apesconsole-node-hub
609 verbose gentlyRm don't care about contents; nuking D:\LAB\nodejs-testbench\apesconsole-node-hub\node_modules\onoff
610 silly gentlyRm D:\LAB\nodejs-testbench\apesconsole-node-hub\node_modules\onoff is being purged from base D:\LAB\nodejs-testbench\apesconsole-node-hub
611 verbose gentlyRm don't care about contents; nuking D:\LAB\nodejs-testbench\apesconsole-node-hub\node_modules\onoff
612 silly gentlyRm D:\LAB\nodejs-testbench\apesconsole-node-hub\node_modules\onoff is being purged from base D:\LAB\nodejs-testbench\apesconsole-node-hub
613 verbose gentlyRm don't care about contents; nuking D:\LAB\nodejs-testbench\apesconsole-node-hub\node_modules\onoff
614 silly gentlyRm D:\LAB\nodejs-testbench\apesconsole-node-hub\node_modules\onoff is being purged from base D:\LAB\nodejs-testbench\apesconsole-node-hub
615 verbose gentlyRm don't care about contents; nuking D:\LAB\nodejs-testbench\apesconsole-node-hub\node_modules\onoff
616 silly gentlyRm D:\LAB\nodejs-testbench\apesconsole-node-hub\node_modules\onoff is being purged from base D:\LAB\nodejs-testbench\apesconsole-node-hub
617 verbose gentlyRm don't care about contents; nuking D:\LAB\nodejs-testbench\apesconsole-node-hub\node_modules\onoff
618 silly vacuum-fs purging D:\LAB\nodejs-testbench\apesconsole-node-hub\node_modules\bindings
619 silly vacuum-fs purging D:\LAB\nodejs-testbench\apesconsole-node-hub\node_modules\bindings
620 silly vacuum-fs purging D:\LAB\nodejs-testbench\apesconsole-node-hub\node_modules\bindings
621 silly vacuum-fs purging D:\LAB\nodejs-testbench\apesconsole-node-hub\node_modules\bindings
622 silly vacuum-fs purging D:\LAB\nodejs-testbench\apesconsole-node-hub\node_modules\bindings
623 silly vacuum-fs purging D:\LAB\nodejs-testbench\apesconsole-node-hub\node_modules\bindings
624 silly vacuum-fs purging D:\LAB\nodejs-testbench\apesconsole-node-hub\node_modules\bindings
625 silly vacuum-fs purging D:\LAB\nodejs-testbench\apesconsole-node-hub\node_modules\bindings
626 silly vacuum-fs purging D:\LAB\nodejs-testbench\apesconsole-node-hub\node_modules\nan
627 silly vacuum-fs purging D:\LAB\nodejs-testbench\apesconsole-node-hub\node_modules\nan
628 silly vacuum-fs purging D:\LAB\nodejs-testbench\apesconsole-node-hub\node_modules\nan
629 silly vacuum-fs purging D:\LAB\nodejs-testbench\apesconsole-node-hub\node_modules\nan
630 silly vacuum-fs purging D:\LAB\nodejs-testbench\apesconsole-node-hub\node_modules\nan
631 silly vacuum-fs purging D:\LAB\nodejs-testbench\apesconsole-node-hub\node_modules\nan
632 silly vacuum-fs purging D:\LAB\nodejs-testbench\apesconsole-node-hub\node_modules\nan
633 silly vacuum-fs purging D:\LAB\nodejs-testbench\apesconsole-node-hub\node_modules\nan
634 silly vacuum-fs purging D:\LAB\nodejs-testbench\apesconsole-node-hub\node_modules\epoll
635 silly vacuum-fs purging D:\LAB\nodejs-testbench\apesconsole-node-hub\node_modules\epoll
636 silly vacuum-fs purging D:\LAB\nodejs-testbench\apesconsole-node-hub\node_modules\epoll
637 silly vacuum-fs purging D:\LAB\nodejs-testbench\apesconsole-node-hub\node_modules\epoll
638 silly vacuum-fs purging D:\LAB\nodejs-testbench\apesconsole-node-hub\node_modules\epoll
639 silly vacuum-fs purging D:\LAB\nodejs-testbench\apesconsole-node-hub\node_modules\epoll
640 silly vacuum-fs purging D:\LAB\nodejs-testbench\apesconsole-node-hub\node_modules\epoll
641 silly vacuum-fs purging D:\LAB\nodejs-testbench\apesconsole-node-hub\node_modules\epoll
642 silly vacuum-fs purging D:\LAB\nodejs-testbench\apesconsole-node-hub\node_modules\onoff
643 silly vacuum-fs purging D:\LAB\nodejs-testbench\apesconsole-node-hub\node_modules\onoff
644 silly vacuum-fs purging D:\LAB\nodejs-testbench\apesconsole-node-hub\node_modules\onoff
645 silly vacuum-fs purging D:\LAB\nodejs-testbench\apesconsole-node-hub\node_modules\onoff
646 silly vacuum-fs purging D:\LAB\nodejs-testbench\apesconsole-node-hub\node_modules\onoff
647 silly vacuum-fs purging D:\LAB\nodejs-testbench\apesconsole-node-hub\node_modules\onoff
648 silly vacuum-fs purging D:\LAB\nodejs-testbench\apesconsole-node-hub\node_modules\onoff
649 silly vacuum-fs purging D:\LAB\nodejs-testbench\apesconsole-node-hub\node_modules\onoff
650 silly vacuum-fs quitting because other entries in D:\LAB\nodejs-testbench\apesconsole-node-hub\node_modules
651 silly vacuum-fs quitting because other entries in D:\LAB\nodejs-testbench\apesconsole-node-hub\node_modules
652 silly vacuum-fs quitting because other entries in D:\LAB\nodejs-testbench\apesconsole-node-hub\node_modules
653 silly vacuum-fs quitting because other entries in D:\LAB\nodejs-testbench\apesconsole-node-hub\node_modules
654 silly vacuum-fs quitting because other entries in D:\LAB\nodejs-testbench\apesconsole-node-hub\node_modules
655 silly vacuum-fs quitting because other entries in D:\LAB\nodejs-testbench\apesconsole-node-hub\node_modules
656 silly vacuum-fs quitting because other entries in D:\LAB\nodejs-testbench\apesconsole-node-hub\node_modules
657 silly vacuum-fs quitting because other entries in D:\LAB\nodejs-testbench\apesconsole-node-hub\node_modules
658 silly vacuum-fs quitting because other entries in D:\LAB\nodejs-testbench\apesconsole-node-hub\node_modules
659 silly vacuum-fs quitting because other entries in D:\LAB\nodejs-testbench\apesconsole-node-hub\node_modules
660 silly vacuum-fs quitting because other entries in D:\LAB\nodejs-testbench\apesconsole-node-hub\node_modules
661 silly vacuum-fs quitting because other entries in D:\LAB\nodejs-testbench\apesconsole-node-hub\node_modules
662 silly vacuum-fs quitting because other entries in D:\LAB\nodejs-testbench\apesconsole-node-hub\node_modules
663 silly vacuum-fs quitting because other entries in D:\LAB\nodejs-testbench\apesconsole-node-hub\node_modules
664 silly vacuum-fs quitting because other entries in D:\LAB\nodejs-testbench\apesconsole-node-hub\node_modules
665 silly vacuum-fs quitting because other entries in D:\LAB\nodejs-testbench\apesconsole-node-hub\node_modules
666 silly vacuum-fs quitting because other entries in D:\LAB\nodejs-testbench\apesconsole-node-hub\node_modules
667 silly vacuum-fs quitting because other entries in D:\LAB\nodejs-testbench\apesconsole-node-hub\node_modules
668 silly vacuum-fs quitting because other entries in D:\LAB\nodejs-testbench\apesconsole-node-hub\node_modules
669 silly vacuum-fs quitting because other entries in D:\LAB\nodejs-testbench\apesconsole-node-hub\node_modules
670 silly vacuum-fs quitting because other entries in D:\LAB\nodejs-testbench\apesconsole-node-hub\node_modules
671 silly vacuum-fs quitting because other entries in D:\LAB\nodejs-testbench\apesconsole-node-hub\node_modules
672 silly vacuum-fs quitting because other entries in D:\LAB\nodejs-testbench\apesconsole-node-hub\node_modules
673 silly vacuum-fs quitting because other entries in D:\LAB\nodejs-testbench\apesconsole-node-hub\node_modules
674 silly vacuum-fs quitting because other entries in D:\LAB\nodejs-testbench\apesconsole-node-hub\node_modules
675 silly vacuum-fs quitting because other entries in D:\LAB\nodejs-testbench\apesconsole-node-hub\node_modules
676 silly vacuum-fs quitting because other entries in D:\LAB\nodejs-testbench\apesconsole-node-hub\node_modules
677 silly vacuum-fs quitting because other entries in D:\LAB\nodejs-testbench\apesconsole-node-hub\node_modules
678 silly vacuum-fs quitting because other entries in D:\LAB\nodejs-testbench\apesconsole-node-hub\node_modules
679 silly vacuum-fs quitting because other entries in D:\LAB\nodejs-testbench\apesconsole-node-hub\node_modules
680 silly vacuum-fs quitting because other entries in D:\LAB\nodejs-testbench\apesconsole-node-hub\node_modules
681 silly vacuum-fs quitting because other entries in D:\LAB\nodejs-testbench\apesconsole-node-hub\node_modules
682 silly rollbackFailedOptional Finishing
683 silly runTopLevelLifecycles Finishing
684 silly install printInstalled
685 warn apesconsole-node-hub@0.0.1 No description
686 verbose If you need help, you may report this error at:
686 verbose     <https://github.com/npm/npm/issues>
687 warn apesconsole-node-hub@0.0.1 No repository field.
688 verbose If you need help, you may report this error at:
688 verbose     <https://github.com/npm/npm/issues>
689 warn apesconsole-node-hub@0.0.1 No license field.
690 verbose If you need help, you may report this error at:
690 verbose     <https://github.com/npm/npm/issues>
691 verbose stack Error: epoll@0.1.21 install: `node-gyp rebuild`
691 verbose stack Exit status 1
691 verbose stack     at EventEmitter.<anonymous> (C:\Users\soumitra\AppData\Roaming\npm\node_modules\npm\lib\utils\lifecycle.js:279:16)
691 verbose stack     at emitTwo (events.js:87:13)
691 verbose stack     at EventEmitter.emit (events.js:172:7)
691 verbose stack     at ChildProcess.<anonymous> (C:\Users\soumitra\AppData\Roaming\npm\node_modules\npm\lib\utils\spawn.js:40:14)
691 verbose stack     at emitTwo (events.js:87:13)
691 verbose stack     at ChildProcess.emit (events.js:172:7)
691 verbose stack     at maybeClose (internal/child_process.js:829:16)
691 verbose stack     at Process.ChildProcess._handle.onexit (internal/child_process.js:211:5)
692 verbose pkgid epoll@0.1.21
693 verbose cwd D:\LAB\nodejs-testbench\apesconsole-node-hub
694 error Windows_NT 6.1.7601
695 error argv "C:\\Program Files\\nodejs\\node.exe" "C:\\Users\\soumitra\\AppData\\Roaming\\npm\\node_modules\\npm\\bin\\npm-cli.js" "install" "onoff"
696 error node v4.5.0
697 error npm  v4.0.3
698 error code ELIFECYCLE
699 error epoll@0.1.21 install: `node-gyp rebuild`
699 error Exit status 1
700 error Failed at the epoll@0.1.21 install script 'node-gyp rebuild'.
700 error Make sure you have the latest version of node.js and npm installed.
700 error If you do, this is most likely a problem with the epoll package,
700 error not with npm itself.
700 error Tell the author that this fails on your system:
700 error     node-gyp rebuild
700 error You can get information on how to open an issue for this project with:
700 error     npm bugs epoll
700 error Or if that isn't available, you can get their info via:
700 error     npm owner ls epoll
700 error There is likely additional logging output above.
701 verbose exit [ 1, true ]
